<?xml version="1.0" encoding="UTF-8"?>
<!-- Generated by org.testng.reporters.JUnitReportReporter -->
<testsuite skipped="0" hostname="LAPTOP-1U9BADA8" name="test.TestesAmazon" tests="1" failures="0" timestamp="30 nov 2019 23:10:40 GMT" time="18.662" errors="0">
  <testcase name="aplicacativosDispositivos" time="18.662" classname="test.TestesAmazon"/>
</testsuite> <!-- test.TestesAmazon -->
