<?xml version="1.0" encoding="UTF-8"?>
<!-- Generated by org.testng.reporters.JUnitReportReporter -->
<testsuite skipped="0" hostname="FLXWVMAM1250" name="test.TestesAmazon" tests="1" failures="0" timestamp="23 Nov 2019 20:40:13 GMT" time="192.888" errors="0">
  <testcase name="validarDepartamentos" time="192.888" classname="test.TestesAmazon"/>
</testsuite> <!-- test.TestesAmazon -->
