<?xml version="1.0" encoding="UTF-8"?>
<!-- Generated by org.testng.reporters.JUnitReportReporter -->
<testsuite skipped="0" hostname="LAPTOP-1U9BADA8" name="test.TestesAmazon" tests="1" failures="0" timestamp="01 dez 2019 00:33:34 GMT" time="22.326" errors="0">
  <testcase name="MaisVendidos" time="22.326" classname="test.TestesAmazon"/>
</testsuite> <!-- test.TestesAmazon -->
