<?xml version="1.0" encoding="UTF-8"?>
<!-- Generated by org.testng.reporters.JUnitReportReporter -->
<testsuite skipped="0" hostname="LAPTOP-1U9BADA8" name="test.TestesAmazon" tests="1" failures="0" timestamp="23 nov 2019 21:15:58 GMT" time="96.931" errors="0">
  <testcase name="validarDepartamentos" time="96.931" classname="test.TestesAmazon"/>
</testsuite> <!-- test.TestesAmazon -->
